20:13:03.640  INFO  manager.ApplicationManager - All Tests run in Chrome Driver
20:13:06.905  INFO  manager.ApplicationManager - Current Url --> https://ilcarro-1578153671498.web.app/search
20:13:06.950  INFO  tests.TestBase - Start test with name --->loginSuccessDP
20:13:06.953  INFO  manager.MyListener - New Before find by --> By.xpath: //a[text()=' Logout ']
20:13:12.053  INFO  manager.MyListener - WebDriver start find element -->By.xpath: //a[text()=' Log in ']
20:13:12.328  INFO  manager.MyListener - WebDriver start find element -->By.id: email
20:13:12.864  INFO  manager.MyListener - WebDriver start find element -->By.id: password
20:13:13.277  INFO  manager.MyListener - WebDriver start find element -->By.cssSelector: button[type='submit']
20:13:13.468  INFO  manager.MyListener - WebDriver start find element -->By.cssSelector: button[type='submit']
20:13:13.625  INFO  manager.MyListener - WebDriver start find element -->By.cssSelector: div.dialog-container
20:13:14.598  INFO  manager.MyListener - WebDriver start find element -->By.cssSelector: div.dialog-container h1
20:13:14.732  INFO  manager.MyListener - New Before find by --> By.xpath: //button[text()='Ok']
20:13:14.820  INFO  manager.MyListener - WebDriver start find element -->By.xpath: //button[text()='Ok']
20:13:15.044  INFO  tests.TestBase - Start test with name --->loginSuccessDP
20:13:15.046  INFO  manager.MyListener - New Before find by --> By.xpath: //a[text()=' Logout ']
20:13:15.092  INFO  manager.MyListener - WebDriver start find element -->By.xpath: //a[text()=' Logout ']
20:13:15.839  INFO  tests.TestBase - Test start with logout
20:13:15.840  INFO  manager.MyListener - WebDriver start find element -->By.xpath: //a[text()=' Log in ']
20:13:16.205  INFO  manager.MyListener - WebDriver start find element -->By.id: email
20:13:16.943  INFO  manager.MyListener - WebDriver start find element -->By.id: password
20:13:17.629  INFO  manager.MyListener - WebDriver start find element -->By.cssSelector: button[type='submit']
20:13:17.715  INFO  manager.MyListener - WebDriver start find element -->By.cssSelector: button[type='submit']
20:13:17.962  INFO  manager.MyListener - WebDriver start find element -->By.cssSelector: div.dialog-container
20:13:18.335  INFO  manager.MyListener - WebDriver start find element -->By.cssSelector: div.dialog-container h1
20:13:18.509  INFO  manager.MyListener - New Before find by --> By.xpath: //button[text()='Ok']
20:13:18.558  INFO  manager.MyListener - WebDriver start find element -->By.xpath: //button[text()='Ok']
20:13:18.779  INFO  tests.TestBase - Start test with name --->loginSuccessDP
20:13:18.787  INFO  manager.MyListener - New Before find by --> By.xpath: //a[text()=' Logout ']
20:13:19.128  INFO  manager.MyListener - WebDriver start find element -->By.xpath: //a[text()=' Logout ']
20:13:19.507  INFO  tests.TestBase - Test start with logout
20:13:19.511  INFO  manager.MyListener - WebDriver start find element -->By.xpath: //a[text()=' Log in ']
20:13:19.916  INFO  manager.MyListener - WebDriver start find element -->By.id: email
20:13:20.389  INFO  manager.MyListener - WebDriver start find element -->By.id: password
20:13:20.731  INFO  manager.MyListener - WebDriver start find element -->By.cssSelector: button[type='submit']
20:13:20.827  INFO  manager.MyListener - WebDriver start find element -->By.cssSelector: button[type='submit']
20:13:20.969  INFO  manager.MyListener - WebDriver start find element -->By.cssSelector: div.dialog-container
20:13:21.846  INFO  manager.MyListener - WebDriver start find element -->By.cssSelector: div.dialog-container h1
20:13:21.904  INFO  manager.MyListener - New Before find by --> By.xpath: //button[text()='Ok']
20:13:21.950  INFO  manager.MyListener - WebDriver start find element -->By.xpath: //button[text()='Ok']
20:13:22.092  INFO  tests.TestBase - Start test with name --->loginSuccessDP
20:13:22.093  INFO  manager.MyListener - New Before find by --> By.xpath: //a[text()=' Logout ']
20:13:22.305  INFO  manager.MyListener - WebDriver start find element -->By.xpath: //a[text()=' Logout ']
20:13:22.562  INFO  tests.TestBase - Test start with logout
20:13:22.564  INFO  manager.MyListener - WebDriver start find element -->By.xpath: //a[text()=' Log in ']
20:13:22.697  INFO  manager.MyListener - WebDriver start find element -->By.id: email
20:13:23.107  INFO  manager.MyListener - WebDriver start find element -->By.id: password
20:13:23.590  INFO  manager.MyListener - WebDriver start find element -->By.cssSelector: button[type='submit']
20:13:23.665  INFO  manager.MyListener - WebDriver start find element -->By.cssSelector: button[type='submit']
20:13:23.794  INFO  manager.MyListener - WebDriver start find element -->By.cssSelector: div.dialog-container
20:13:24.190  INFO  manager.MyListener - WebDriver start find element -->By.cssSelector: div.dialog-container h1
20:13:24.249  INFO  manager.MyListener - New Before find by --> By.xpath: //button[text()='Ok']
20:13:24.289  INFO  manager.MyListener - WebDriver start find element -->By.xpath: //button[text()='Ok']
