20:34:21.295  INFO  manager.ApplicationManager - All Tests run in Chrome Driver
20:34:24.993  INFO  manager.ApplicationManager - Current Url --> https://ilcarro-1578153671498.web.app/search
20:34:25.037  INFO  tests.TestBase - Start test with name --->searchAnyPeriod
20:34:25.042  INFO  manager.MyListener - WebDriver start find element -->By.id: city
20:34:26.038  INFO  manager.MyListener - WebDriver start find element -->By.cssSelector: .pac-item
20:34:26.194  INFO  manager.MyListener - WebDriver start find element -->By.id: dates
20:34:26.536  INFO  manager.MyListener - WebDriver start find element -->By.xpath: //button[@aria-label='Next month']
20:34:26.718  INFO  manager.MyListener - WebDriver start find element -->By.xpath: //div[text()=' 10 ']
20:34:26.965  INFO  manager.MyListener - WebDriver start find element -->By.xpath: //button[@aria-label='Next month']
20:34:27.116  INFO  manager.MyListener - WebDriver start find element -->By.xpath: //button[@aria-label='Next month']
20:34:27.241  INFO  manager.MyListener - WebDriver start find element -->By.xpath: //button[@aria-label='Next month']
20:34:27.502  INFO  manager.MyListener - WebDriver start find element -->By.xpath: //button[@aria-label='Next month']
20:34:27.634  INFO  manager.MyListener - WebDriver start find element -->By.xpath: //button[@aria-label='Next month']
20:34:27.806  INFO  manager.MyListener - WebDriver start find element -->By.xpath: //button[@aria-label='Next month']
20:34:27.962  INFO  manager.MyListener - WebDriver start find element -->By.xpath: //button[@aria-label='Next month']
20:34:28.103  INFO  manager.MyListener - WebDriver start find element -->By.xpath: //div[text()=' 20 ']
20:34:28.373  INFO  manager.MyListener - WebDriver start find element -->By.cssSelector: button[type='submit']
20:34:28.502  INFO  manager.MyListener - WebDriver start find element -->By.cssSelector: button[type='submit']
20:34:28.802  INFO  manager.MyListener - New Before find by --> By.cssSelector: .cars-container.ng-star-inserted
20:34:29.695  INFO  manager.MyListener - WebDriver start find element -->By.cssSelector: .logo
