19:39:00.098  INFO  manager.ApplicationManager - All Tests run in Chrome Driver
19:39:02.414  INFO  manager.ApplicationManager - Current Url --> https://ilcarro-1578153671498.web.app/search
19:39:02.474  INFO  tests.TestBase - Start test with name --->addNewCarSuccess
19:39:02.477  INFO  manager.MyListener - New Before find by --> By.xpath: //a[text()=' Logout ']
19:39:07.543  INFO  manager.MyListener - WebDriver start find element -->By.xpath: //a[text()=' Log in ']
19:39:07.701  INFO  manager.MyListener - WebDriver start find element -->By.id: email
19:39:08.170  INFO  manager.MyListener - WebDriver start find element -->By.id: password
19:39:08.423  INFO  manager.MyListener - WebDriver start find element -->By.cssSelector: button[type='submit']
19:39:08.566  INFO  manager.MyListener - WebDriver start find element -->By.cssSelector: button[type='submit']
19:39:08.681  INFO  manager.MyListener - New Before find by --> By.xpath: //button[text()='Ok']
19:39:14.722  INFO  manager.MyListener - WebDriver start find element -->By.id: 1
19:39:15.170  INFO  manager.MyListener - WebDriver start find element -->By.id: pickUpPlace
19:39:15.846  INFO  manager.MyListener - WebDriver start find element -->By.cssSelector: div.pac-item
19:39:16.863  INFO  manager.MyListener - WebDriver start find element -->By.id: make
19:39:17.190  INFO  manager.MyListener - WebDriver start find element -->By.id: model
19:39:17.526  INFO  manager.MyListener - WebDriver start find element -->By.id: year
19:39:17.885  INFO  manager.MyListener - WebDriver start find element -->By.id: engine
19:39:18.317  INFO  manager.MyListener - WebDriver start find element -->By.id: fuel
19:39:18.624  INFO  manager.MyListener - WebDriver start find element -->By.id: gear
19:39:18.903  INFO  manager.MyListener - WebDriver start find element -->By.id: wheelsDrive
19:39:19.159  INFO  manager.MyListener - WebDriver start find element -->By.id: doors
19:39:19.601  INFO  manager.MyListener - WebDriver start find element -->By.id: seats
19:39:19.944  INFO  manager.MyListener - WebDriver start find element -->By.id: class
19:39:20.249  INFO  manager.MyListener - WebDriver start find element -->By.id: fuelConsumption
19:39:20.651  INFO  manager.MyListener - WebDriver start find element -->By.id: serialNumber
19:39:21.019  INFO  manager.MyListener - WebDriver start find element -->By.id: price
19:39:21.247  INFO  manager.MyListener - WebDriver start find element -->By.id: distance
19:39:21.605  INFO  manager.MyListener - WebDriver start find element -->By.cssSelector: input[placeholder='Type feature']
19:39:21.946  INFO  manager.MyListener - WebDriver start find element -->By.id: about
19:39:22.184  INFO  manager.MyListener - WebDriver start find element -->By.id: photos
19:39:22.321  INFO  manager.MyListener - WebDriver start find element -->By.cssSelector: button[type='submit']
19:39:23.458  INFO  manager.MyListener - WebDriver start find element -->By.cssSelector: button[type='submit']
19:39:23.580  INFO  manager.MyListener - WebDriver start find element -->By.cssSelector: div.dialog-container
19:39:25.254  INFO  manager.MyListener - WebDriver start find element -->By.cssSelector: div.dialog-container h1
19:39:25.305  INFO  manager.MyListener - WebDriver start find element -->By.xpath: //button[text()='Search cars']
19:39:25.506  INFO  tests.TestBase - Start test with name --->loginSuccess
19:39:25.509  INFO  manager.MyListener - New Before find by --> By.xpath: //a[text()=' Logout ']
19:39:25.960  INFO  manager.MyListener - WebDriver start find element -->By.xpath: //a[text()=' Logout ']
19:39:26.219  INFO  tests.TestBase - Test start with logout
19:39:26.234  INFO  tests.TestBase - Test start with email : noa@gmail.com & password: Nnoa12345$
19:39:26.235  INFO  manager.MyListener - WebDriver start find element -->By.xpath: //a[text()=' Log in ']
19:39:26.569  INFO  manager.MyListener - WebDriver start find element -->By.id: email
19:39:29.536  INFO  manager.MyListener - New Before find by --> By.xpath: //button[text()='Ok']
19:39:34.580  INFO  tests.TestBase - Start test with name --->loginSuccess
19:39:34.581  INFO  manager.MyListener - New Before find by --> By.xpath: //a[text()=' Logout ']
19:39:39.644  INFO  tests.TestBase - Test start with email : sonya@gmail.com & password: Ss12345$
19:39:39.645  INFO  manager.MyListener - WebDriver start find element -->By.xpath: //a[text()=' Log in ']
19:39:39.768  INFO  manager.MyListener - WebDriver start find element -->By.id: email
19:39:41.655  INFO  manager.MyListener - New Before find by --> By.xpath: //button[text()='Ok']
19:39:46.670  INFO  tests.TestBase - Start test with name --->loginSuccess
19:39:46.671  INFO  manager.MyListener - New Before find by --> By.xpath: //a[text()=' Logout ']
19:39:51.729  INFO  tests.TestBase - Test start with email : noa@gmail.com & password: Nnoa12345$
19:39:51.729  INFO  manager.MyListener - WebDriver start find element -->By.xpath: //a[text()=' Log in ']
19:39:51.845  INFO  manager.MyListener - WebDriver start find element -->By.id: email
19:39:53.537  INFO  manager.MyListener - New Before find by --> By.xpath: //button[text()='Ok']
19:39:58.596  INFO  tests.TestBase - Start test with name --->loginSuccess
19:39:58.599  INFO  manager.MyListener - New Before find by --> By.xpath: //a[text()=' Logout ']
19:40:03.647  INFO  tests.TestBase - Test start with email : sonya@gmail.com & password: Ss12345$
19:40:03.647  INFO  manager.MyListener - WebDriver start find element -->By.xpath: //a[text()=' Log in ']
19:40:03.746  INFO  manager.MyListener - WebDriver start find element -->By.id: email
19:40:05.368  INFO  manager.MyListener - New Before find by --> By.xpath: //button[text()='Ok']
19:40:10.428  INFO  tests.TestBase - Start test with name --->loginSuccess2
19:40:10.429  INFO  manager.MyListener - New Before find by --> By.xpath: //a[text()=' Logout ']
19:40:15.465  INFO  manager.MyListener - WebDriver start find element -->By.xpath: //a[text()=' Log in ']
19:40:15.536  INFO  manager.MyListener - WebDriver start find element -->By.id: email
19:40:17.349  INFO  manager.MyListener - New Before find by --> By.xpath: //button[text()='Ok']
19:40:22.411  INFO  tests.TestBase - Start test with name --->loginSuccessDP
19:40:22.412  INFO  manager.MyListener - New Before find by --> By.xpath: //a[text()=' Logout ']
19:40:27.476  INFO  manager.MyListener - WebDriver start find element -->By.xpath: //a[text()=' Log in ']
19:40:27.575  INFO  manager.MyListener - WebDriver start find element -->By.id: email
19:40:28.067  INFO  manager.MyListener - WebDriver start find element -->By.id: password
19:40:28.350  INFO  manager.MyListener - WebDriver start find element -->By.cssSelector: button[type='submit']
19:40:28.527  INFO  manager.MyListener - WebDriver start find element -->By.cssSelector: button[type='submit']
19:40:28.625  INFO  manager.MyListener - WebDriver start find element -->By.cssSelector: div.dialog-container
19:40:29.909  INFO  manager.MyListener - WebDriver start find element -->By.cssSelector: div.dialog-container h1
19:40:29.975  INFO  manager.MyListener - New Before find by --> By.xpath: //button[text()='Ok']
19:40:30.023  INFO  manager.MyListener - WebDriver start find element -->By.xpath: //button[text()='Ok']
19:40:30.170  INFO  tests.TestBase - Start test with name --->loginSuccessDP
19:40:30.173  INFO  manager.MyListener - New Before find by --> By.xpath: //a[text()=' Logout ']
19:40:30.207  INFO  manager.MyListener - WebDriver start find element -->By.xpath: //a[text()=' Logout ']
19:40:30.477  INFO  tests.TestBase - Test start with logout
19:40:30.480  INFO  manager.MyListener - WebDriver start find element -->By.xpath: //a[text()=' Log in ']
19:40:30.652  INFO  manager.MyListener - WebDriver start find element -->By.id: email
19:40:31.000  INFO  manager.MyListener - WebDriver start find element -->By.id: password
19:40:31.406  INFO  manager.MyListener - WebDriver start find element -->By.cssSelector: button[type='submit']
19:40:31.476  INFO  manager.MyListener - WebDriver start find element -->By.cssSelector: button[type='submit']
19:40:31.572  INFO  manager.MyListener - WebDriver start find element -->By.cssSelector: div.dialog-container
19:40:31.945  INFO  manager.MyListener - WebDriver start find element -->By.cssSelector: div.dialog-container h1
19:40:32.017  INFO  manager.MyListener - New Before find by --> By.xpath: //button[text()='Ok']
19:40:32.060  INFO  manager.MyListener - WebDriver start find element -->By.xpath: //button[text()='Ok']
19:40:32.166  INFO  tests.TestBase - Start test with name --->loginSuccessDP
19:40:32.167  INFO  manager.MyListener - New Before find by --> By.xpath: //a[text()=' Logout ']
19:40:32.200  INFO  manager.MyListener - WebDriver start find element -->By.xpath: //a[text()=' Logout ']
19:40:32.526  INFO  tests.TestBase - Test start with logout
19:40:32.530  INFO  manager.MyListener - WebDriver start find element -->By.xpath: //a[text()=' Log in ']
19:40:32.711  INFO  manager.MyListener - WebDriver start find element -->By.id: email
19:40:33.110  INFO  manager.MyListener - WebDriver start find element -->By.id: password
19:40:33.453  INFO  manager.MyListener - WebDriver start find element -->By.cssSelector: button[type='submit']
19:40:33.561  INFO  manager.MyListener - WebDriver start find element -->By.cssSelector: button[type='submit']
19:40:33.667  INFO  manager.MyListener - WebDriver start find element -->By.cssSelector: div.dialog-container
19:40:34.632  INFO  manager.MyListener - WebDriver start find element -->By.cssSelector: div.dialog-container h1
19:40:34.684  INFO  manager.MyListener - New Before find by --> By.xpath: //button[text()='Ok']
19:40:34.711  INFO  manager.MyListener - WebDriver start find element -->By.xpath: //button[text()='Ok']
19:40:34.835  INFO  tests.TestBase - Start test with name --->loginSuccessDP
19:40:34.838  INFO  manager.MyListener - New Before find by --> By.xpath: //a[text()=' Logout ']
19:40:34.871  INFO  manager.MyListener - WebDriver start find element -->By.xpath: //a[text()=' Logout ']
19:40:35.213  INFO  tests.TestBase - Test start with logout
19:40:35.217  INFO  manager.MyListener - WebDriver start find element -->By.xpath: //a[text()=' Log in ']
19:40:35.427  INFO  manager.MyListener - WebDriver start find element -->By.id: email
19:40:35.816  INFO  manager.MyListener - WebDriver start find element -->By.id: password
19:40:36.198  INFO  manager.MyListener - WebDriver start find element -->By.cssSelector: button[type='submit']
19:40:36.316  INFO  manager.MyListener - WebDriver start find element -->By.cssSelector: button[type='submit']
19:40:36.479  INFO  manager.MyListener - WebDriver start find element -->By.cssSelector: div.dialog-container
19:40:36.904  INFO  manager.MyListener - WebDriver start find element -->By.cssSelector: div.dialog-container h1
19:40:36.968  INFO  manager.MyListener - New Before find by --> By.xpath: //button[text()='Ok']
19:40:37.006  INFO  manager.MyListener - WebDriver start find element -->By.xpath: //button[text()='Ok']
19:40:37.213  INFO  tests.TestBase - Start test with name --->registrationSuccess
19:40:37.216  INFO  manager.MyListener - New Before find by --> By.xpath: //a[text()=' Logout ']
19:40:37.254  INFO  manager.MyListener - WebDriver start find element -->By.xpath: //a[text()=' Logout ']
19:40:37.709  INFO  manager.MyListener - WebDriver start find element -->By.xpath: //a[text()=' Sign up ']
19:40:37.945  INFO  manager.MyListener - WebDriver start find element -->By.id: name
19:40:38.274  INFO  manager.MyListener - WebDriver start find element -->By.id: lastName
19:40:38.646  INFO  manager.MyListener - WebDriver start find element -->By.id: email
19:40:39.102  INFO  manager.MyListener - WebDriver start find element -->By.id: password
19:40:39.452  INFO  manager.MyListener - WebDriver start find element -->By.cssSelector: label[for='terms-of-use']
19:40:39.694  INFO  manager.MyListener - WebDriver start find element -->By.cssSelector: button[type='submit']
19:40:39.785  INFO  manager.MyListener - WebDriver start find element -->By.cssSelector: button[type='submit']
19:40:39.864  INFO  manager.MyListener - WebDriver start find element -->By.cssSelector: div.dialog-container
19:40:40.316  INFO  manager.MyListener - WebDriver start find element -->By.cssSelector: div.dialog-container h1
19:40:40.364  INFO  manager.MyListener - New Before find by --> By.xpath: //button[text()='Ok']
19:40:40.387  INFO  manager.MyListener - WebDriver start find element -->By.xpath: //button[text()='Ok']
19:40:40.486  INFO  tests.TestBase - Start test with name --->registrationWrongPasswordFormatSize
19:40:40.491  INFO  manager.MyListener - New Before find by --> By.xpath: //a[text()=' Logout ']
19:40:40.526  INFO  manager.MyListener - WebDriver start find element -->By.xpath: //a[text()=' Logout ']
19:40:40.864  INFO  manager.MyListener - WebDriver start find element -->By.xpath: //a[text()=' Sign up ']
19:40:41.078  INFO  manager.MyListener - WebDriver start find element -->By.id: name
19:40:41.409  INFO  manager.MyListener - WebDriver start find element -->By.id: lastName
19:40:41.848  INFO  manager.MyListener - WebDriver start find element -->By.id: email
19:40:42.213  INFO  manager.MyListener - WebDriver start find element -->By.id: password
19:40:42.471  INFO  manager.MyListener - WebDriver start find element -->By.cssSelector: label[for='terms-of-use']
19:40:42.603  INFO  manager.MyListener - WebDriver start find element -->By.cssSelector: div.error div:last-child
19:40:42.678  INFO  manager.MyListener - WebDriver start find element -->By.cssSelector: div.error div:last-child
19:40:42.713  INFO  manager.MyListener - WebDriver start find element -->By.cssSelector: div.error div:first-child
19:40:42.765  INFO  manager.MyListener - WebDriver start find element -->By.cssSelector: div.error div:first-child
19:40:42.815  INFO  manager.MyListener - New Before find by --> By.cssSelector: button[disabled]
19:40:42.844  INFO  manager.MyListener - WebDriver start find element -->By.cssSelector: [type='submit']
19:40:42.876  INFO  manager.MyListener - New Before find by --> By.xpath: //button[text()='Ok']
19:40:47.938  INFO  tests.TestBase - Start test with name --->searchAnyPeriod
19:40:47.939  INFO  manager.MyListener - WebDriver start find element -->By.cssSelector: .logo
19:40:48.664  INFO  manager.MyListener - WebDriver start find element -->By.id: city
19:40:48.733  INFO  manager.MyListener - WebDriver start find element -->By.id: city
19:40:49.732  INFO  manager.MyListener - WebDriver start find element -->By.cssSelector: .pac-item
19:40:49.807  INFO  manager.MyListener - WebDriver start find element -->By.id: dates
19:40:50.082  INFO  manager.MyListener - WebDriver start find element -->By.id: dates
19:40:50.325  INFO  manager.MyListener - WebDriver start find element -->By.xpath: //button[@aria-label='Next month']
19:40:50.480  INFO  manager.MyListener - WebDriver start find element -->By.xpath: //button[@aria-label='Next month']
19:40:50.630  INFO  manager.MyListener - WebDriver start find element -->By.xpath: //button[@aria-label='Next month']
19:40:50.744  INFO  manager.MyListener - WebDriver start find element -->By.xpath: //button[@aria-label='Next month']
19:40:50.830  INFO  manager.MyListener - WebDriver start find element -->By.xpath: //button[@aria-label='Next month']
19:40:50.926  INFO  manager.MyListener - WebDriver start find element -->By.xpath: //button[@aria-label='Next month']
19:40:51.067  INFO  manager.MyListener - WebDriver start find element -->By.xpath: //button[@aria-label='Next month']
19:40:51.160  INFO  manager.MyListener - WebDriver start find element -->By.xpath: //button[@aria-label='Next month']
19:40:51.329  INFO  manager.MyListener - WebDriver start find element -->By.xpath: //button[@aria-label='Next month']
19:40:51.430  INFO  manager.MyListener - WebDriver start find element -->By.xpath: //button[@aria-label='Next month']
19:40:51.516  INFO  manager.MyListener - WebDriver start find element -->By.xpath: //button[@aria-label='Next month']
19:40:51.751  INFO  manager.MyListener - WebDriver start find element -->By.xpath: //div[text()=' 10 ']
19:40:51.910  INFO  manager.MyListener - WebDriver start find element -->By.xpath: //button[@aria-label='Next month']
19:40:51.995  INFO  manager.MyListener - WebDriver start find element -->By.xpath: //div[text()=' 15 ']
19:40:52.227  INFO  manager.MyListener - WebDriver start find element -->By.cssSelector: button[type='submit']
19:40:52.303  INFO  manager.MyListener - WebDriver start find element -->By.cssSelector: button[type='submit']
19:40:52.548  INFO  manager.MyListener - New Before find by --> By.cssSelector: .cars-container.ng-star-inserted
19:40:54.050  INFO  tests.TestBase - Start test with name --->searchCurrentMonth
19:40:54.050  INFO  manager.MyListener - WebDriver start find element -->By.cssSelector: .logo
19:40:54.931  INFO  manager.MyListener - WebDriver start find element -->By.id: city
19:40:54.998  INFO  manager.MyListener - WebDriver start find element -->By.id: city
19:40:56.164  INFO  manager.MyListener - WebDriver start find element -->By.cssSelector: .pac-item
19:40:56.265  INFO  manager.MyListener - WebDriver start find element -->By.id: dates
19:40:56.384  INFO  manager.MyListener - WebDriver start find element -->By.id: dates
19:40:56.499  INFO  manager.MyListener - WebDriver start find element -->By.xpath: //div[text()=' 28 ']
19:40:56.666  INFO  manager.MyListener - WebDriver start find element -->By.xpath: //div[text()=' 27 ']
19:40:56.769  INFO  manager.MyListener - WebDriver start find element -->By.cssSelector: button[type='submit']
19:41:02.064  INFO  tests.TestBase - Start test with name --->searchCurrentYear
19:41:02.065  INFO  manager.MyListener - WebDriver start find element -->By.cssSelector: .logo
19:41:03.189  INFO  manager.MyListener - The name of method with error -->click
19:41:03.189  INFO  manager.MyListener - We have a problem ---> org.openqa.selenium.ElementClickInterceptedException: element click intercepted: Element <a _ngcontent-ucn-c25="" href="/" class="logo">...</a> is not clickable at point (236, 34). Other element would receive the click: <div class="cdk-overlay-backdrop mat-overlay-transparent-backdrop cdk-overlay-backdrop-showing"></div>
  (Session info: chrome=103.0.5060.134)
Build info: version: '4.1.4', revision: '535d840ee2'
System info: host: 'MacBook-Pro-Taya.local', ip: '127.0.0.1', os.name: 'Mac OS X', os.arch: 'x86_64', os.version: '11.6.5', java.version: '11.0.15.1'
Driver info: org.openqa.selenium.chrome.ChromeDriver
Command: [db0e3316215135160614b2d23164cd9b, clickElement {id=b74c59ef-bb1e-440e-9b84-365ba381d814}]
Capabilities {acceptInsecureCerts: false, browserName: chrome, browserVersion: 103.0.5060.134, chrome: {chromedriverVersion: 103.0.5060.53 (a1711811edd7..., userDataDir: /var/folders/s_/hl4vhy0959g...}, goog:chromeOptions: {debuggerAddress: localhost:58206}, javascriptEnabled: true, networkConnectionEnabled: false, pageLoadStrategy: normal, platform: MAC, platformName: MAC, proxy: Proxy(), se:cdp: ws://localhost:58206/devtoo..., se:cdpVersion: 103.0.5060.134, setWindowRect: true, strictFileInteractability: false, timeouts: {implicit: 0, pageLoad: 300000, script: 30000}, unhandledPromptBehavior: dismiss and notify, webauthn:extension:credBlob: true, webauthn:extension:largeBlob: true, webauthn:virtualAuthenticators: true}
Element: [[ChromeDriver: chrome on MAC (db0e3316215135160614b2d23164cd9b)] -> css selector: .logo]
Session ID: db0e3316215135160614b2d23164cd9b
19:41:03.195  INFO  tests.TestBase - Start test with name --->searchCurrentYearLocalDate
19:41:03.195  INFO  manager.MyListener - WebDriver start find element -->By.cssSelector: .logo
19:41:04.341  INFO  manager.MyListener - The name of method with error -->click
19:41:04.341  INFO  manager.MyListener - We have a problem ---> org.openqa.selenium.ElementClickInterceptedException: element click intercepted: Element <a _ngcontent-ucn-c25="" href="/" class="logo">...</a> is not clickable at point (236, 34). Other element would receive the click: <div class="cdk-overlay-backdrop mat-overlay-transparent-backdrop cdk-overlay-backdrop-showing"></div>
  (Session info: chrome=103.0.5060.134)
Build info: version: '4.1.4', revision: '535d840ee2'
System info: host: 'MacBook-Pro-Taya.local', ip: '127.0.0.1', os.name: 'Mac OS X', os.arch: 'x86_64', os.version: '11.6.5', java.version: '11.0.15.1'
Driver info: org.openqa.selenium.chrome.ChromeDriver
Command: [db0e3316215135160614b2d23164cd9b, clickElement {id=b74c59ef-bb1e-440e-9b84-365ba381d814}]
Capabilities {acceptInsecureCerts: false, browserName: chrome, browserVersion: 103.0.5060.134, chrome: {chromedriverVersion: 103.0.5060.53 (a1711811edd7..., userDataDir: /var/folders/s_/hl4vhy0959g...}, goog:chromeOptions: {debuggerAddress: localhost:58206}, javascriptEnabled: true, networkConnectionEnabled: false, pageLoadStrategy: normal, platform: MAC, platformName: MAC, proxy: Proxy(), se:cdp: ws://localhost:58206/devtoo..., se:cdpVersion: 103.0.5060.134, setWindowRect: true, strictFileInteractability: false, timeouts: {implicit: 0, pageLoad: 300000, script: 30000}, unhandledPromptBehavior: dismiss and notify, webauthn:extension:credBlob: true, webauthn:extension:largeBlob: true, webauthn:virtualAuthenticators: true}
Element: [[ChromeDriver: chrome on MAC (db0e3316215135160614b2d23164cd9b)] -> css selector: .logo]
Session ID: db0e3316215135160614b2d23164cd9b
19:41:04.344  INFO  tests.TestBase - Start test with name --->searchNextMonth
19:41:04.344  INFO  manager.MyListener - WebDriver start find element -->By.cssSelector: .logo
19:41:05.443  INFO  manager.MyListener - The name of method with error -->click
19:41:05.443  INFO  manager.MyListener - We have a problem ---> org.openqa.selenium.ElementClickInterceptedException: element click intercepted: Element <a _ngcontent-ucn-c25="" href="/" class="logo">...</a> is not clickable at point (236, 34). Other element would receive the click: <div class="cdk-overlay-backdrop mat-overlay-transparent-backdrop cdk-overlay-backdrop-showing"></div>
  (Session info: chrome=103.0.5060.134)
Build info: version: '4.1.4', revision: '535d840ee2'
System info: host: 'MacBook-Pro-Taya.local', ip: '127.0.0.1', os.name: 'Mac OS X', os.arch: 'x86_64', os.version: '11.6.5', java.version: '11.0.15.1'
Driver info: org.openqa.selenium.chrome.ChromeDriver
Command: [db0e3316215135160614b2d23164cd9b, clickElement {id=b74c59ef-bb1e-440e-9b84-365ba381d814}]
Capabilities {acceptInsecureCerts: false, browserName: chrome, browserVersion: 103.0.5060.134, chrome: {chromedriverVersion: 103.0.5060.53 (a1711811edd7..., userDataDir: /var/folders/s_/hl4vhy0959g...}, goog:chromeOptions: {debuggerAddress: localhost:58206}, javascriptEnabled: true, networkConnectionEnabled: false, pageLoadStrategy: normal, platform: MAC, platformName: MAC, proxy: Proxy(), se:cdp: ws://localhost:58206/devtoo..., se:cdpVersion: 103.0.5060.134, setWindowRect: true, strictFileInteractability: false, timeouts: {implicit: 0, pageLoad: 300000, script: 30000}, unhandledPromptBehavior: dismiss and notify, webauthn:extension:credBlob: true, webauthn:extension:largeBlob: true, webauthn:virtualAuthenticators: true}
Element: [[ChromeDriver: chrome on MAC (db0e3316215135160614b2d23164cd9b)] -> css selector: .logo]
Session ID: db0e3316215135160614b2d23164cd9b
19:41:05.446  INFO  tests.TestBase - Start test with name --->searchPeriodPast
19:41:05.447  INFO  manager.MyListener - WebDriver start find element -->By.cssSelector: .logo
19:41:06.504  INFO  manager.MyListener - The name of method with error -->click
19:41:06.506  INFO  manager.MyListener - We have a problem ---> org.openqa.selenium.ElementClickInterceptedException: element click intercepted: Element <a _ngcontent-ucn-c25="" href="/" class="logo">...</a> is not clickable at point (236, 34). Other element would receive the click: <div class="cdk-overlay-backdrop mat-overlay-transparent-backdrop cdk-overlay-backdrop-showing"></div>
  (Session info: chrome=103.0.5060.134)
Build info: version: '4.1.4', revision: '535d840ee2'
System info: host: 'MacBook-Pro-Taya.local', ip: '127.0.0.1', os.name: 'Mac OS X', os.arch: 'x86_64', os.version: '11.6.5', java.version: '11.0.15.1'
Driver info: org.openqa.selenium.chrome.ChromeDriver
Command: [db0e3316215135160614b2d23164cd9b, clickElement {id=b74c59ef-bb1e-440e-9b84-365ba381d814}]
Capabilities {acceptInsecureCerts: false, browserName: chrome, browserVersion: 103.0.5060.134, chrome: {chromedriverVersion: 103.0.5060.53 (a1711811edd7..., userDataDir: /var/folders/s_/hl4vhy0959g...}, goog:chromeOptions: {debuggerAddress: localhost:58206}, javascriptEnabled: true, networkConnectionEnabled: false, pageLoadStrategy: normal, platform: MAC, platformName: MAC, proxy: Proxy(), se:cdp: ws://localhost:58206/devtoo..., se:cdpVersion: 103.0.5060.134, setWindowRect: true, strictFileInteractability: false, timeouts: {implicit: 0, pageLoad: 300000, script: 30000}, unhandledPromptBehavior: dismiss and notify, webauthn:extension:credBlob: true, webauthn:extension:largeBlob: true, webauthn:virtualAuthenticators: true}
Element: [[ChromeDriver: chrome on MAC (db0e3316215135160614b2d23164cd9b)] -> css selector: .logo]
Session ID: db0e3316215135160614b2d23164cd9b
