18:44:37.751  INFO  manager.ApplicationManager - All Tests run in Chrome Driver
18:44:40.834  INFO  manager.ApplicationManager - Current Url --> https://ilcarro-1578153671498.web.app/search
18:44:40.881  INFO  tests.TestBase - Start test with name --->addNewCarSuccess
18:44:40.887  INFO  manager.MyListener - New Before find by --> By.xpath: //a[text()=' Logout ']
18:44:45.922  INFO  manager.MyListener - WebDriver start find element -->By.xpath: //a[text()=' Log in ']
18:44:46.115  INFO  manager.MyListener - WebDriver start find element -->By.id: email
18:44:46.695  INFO  manager.MyListener - WebDriver start find element -->By.id: password
18:44:47.115  INFO  manager.MyListener - WebDriver start find element -->By.cssSelector: button[type='submit']
18:44:47.258  INFO  manager.MyListener - WebDriver start find element -->By.cssSelector: button[type='submit']
18:44:47.424  INFO  manager.MyListener - New Before find by --> By.xpath: //button[text()='Ok']
18:44:48.573  INFO  manager.MyListener - WebDriver start find element -->By.xpath: //button[text()='Ok']
18:44:49.689  INFO  manager.MyListener - WebDriver start find element -->By.id: 1
18:44:50.141  INFO  manager.MyListener - WebDriver start find element -->By.id: pickUpPlace
18:44:50.786  INFO  manager.MyListener - WebDriver start find element -->By.cssSelector: div.pac-item
18:44:51.998  INFO  manager.MyListener - WebDriver start find element -->By.id: make
18:44:52.625  INFO  manager.MyListener - WebDriver start find element -->By.id: model
18:44:53.238  INFO  manager.MyListener - WebDriver start find element -->By.id: year
18:44:53.789  INFO  manager.MyListener - WebDriver start find element -->By.id: engine
18:44:54.126  INFO  manager.MyListener - WebDriver start find element -->By.id: fuel
18:44:54.356  INFO  manager.MyListener - WebDriver start find element -->By.id: gear
18:44:54.543  INFO  manager.MyListener - WebDriver start find element -->By.id: wheelsDrive
18:44:54.790  INFO  manager.MyListener - WebDriver start find element -->By.id: doors
18:44:55.322  INFO  manager.MyListener - WebDriver start find element -->By.id: seats
18:44:55.711  INFO  manager.MyListener - WebDriver start find element -->By.id: class
18:44:56.092  INFO  manager.MyListener - WebDriver start find element -->By.id: fuelConsumption
18:44:56.487  INFO  manager.MyListener - WebDriver start find element -->By.id: serialNumber
18:44:56.960  INFO  manager.MyListener - WebDriver start find element -->By.id: price
18:44:57.370  INFO  manager.MyListener - WebDriver start find element -->By.id: distance
18:44:58.175  INFO  manager.MyListener - WebDriver start find element -->By.cssSelector: input[placeholder='Type feature']
18:44:58.440  INFO  manager.MyListener - WebDriver start find element -->By.id: about
18:44:58.851  INFO  manager.MyListener - WebDriver start find element -->By.id: photos
18:44:58.960  INFO  manager.MyListener - WebDriver start find element -->By.cssSelector: button[type='submit']
18:45:00.216  INFO  manager.MyListener - WebDriver start find element -->By.cssSelector: button[type='submit']
18:45:00.376  INFO  manager.MyListener - WebDriver start find element -->By.cssSelector: div.dialog-container
18:45:04.340  INFO  manager.MyListener - WebDriver start find element -->By.cssSelector: div.dialog-container h1
18:45:04.486  INFO  manager.MyListener - WebDriver start find element -->By.xpath: //button[text()='Search cars']
18:45:04.722  INFO  tests.TestBase - Start test with name --->loginSuccess
18:45:04.723  INFO  manager.MyListener - New Before find by --> By.xpath: //a[text()=' Logout ']
18:45:04.800  INFO  manager.MyListener - WebDriver start find element -->By.xpath: //a[text()=' Logout ']
18:45:05.296  INFO  tests.TestBase - Test start with logout
18:45:05.297  INFO  tests.TestBase - Test start with email : 'noa@gmail.com' & password 'Nnoa12345$'
18:45:05.298  INFO  manager.MyListener - WebDriver start find element -->By.xpath: //a[text()=' Log in ']
18:45:05.465  INFO  manager.MyListener - WebDriver start find element -->By.id: email
18:45:07.767  INFO  manager.MyListener - WebDriver start find element -->By.id: d
18:45:12.799  INFO  manager.MyListener - The name of method with error -->findElement
18:45:12.815  INFO  manager.MyListener - We have a problem ---> org.openqa.selenium.NoSuchElementException: no such element: Unable to locate element: {"method":"css selector","selector":"#d"}
  (Session info: chrome=103.0.5060.134)
For documentation on this error, please visit: https://selenium.dev/exceptions/#no_such_element
Build info: version: '4.2.2', revision: '683ccb65d6'
System info: host: 'MacBook-Pro-Taya.local', ip: '192.168.0.101', os.name: 'Mac OS X', os.arch: 'x86_64', os.version: '11.6.5', java.version: '11.0.15.1'
Driver info: org.openqa.selenium.chrome.ChromeDriver
Command: [2f0aee69743f74e877dc83de6877f99b, findElement {using=id, value=d}]
Capabilities {acceptInsecureCerts: false, browserName: chrome, browserVersion: 103.0.5060.134, chrome: {chromedriverVersion: 103.0.5060.53 (a1711811edd7..., userDataDir: /var/folders/s_/hl4vhy0959g...}, goog:chromeOptions: {debuggerAddress: localhost:53331}, networkConnectionEnabled: false, pageLoadStrategy: normal, platformName: MAC, proxy: Proxy(), se:cdp: ws://localhost:53331/devtoo..., se:cdpVersion: 103.0.5060.134, setWindowRect: true, strictFileInteractability: false, timeouts: {implicit: 0, pageLoad: 300000, script: 30000}, unhandledPromptBehavior: dismiss and notify, webauthn:extension:credBlob: true, webauthn:extension:largeBlob: true, webauthn:virtualAuthenticators: true}
Session ID: 2f0aee69743f74e877dc83de6877f99b
18:45:12.817  INFO  manager.MyListener - New Before find by --> By.xpath: //button[text()='Ok']
18:45:17.854  INFO  tests.TestBase - Start test with name --->loginSuccess2
18:45:17.855  INFO  manager.MyListener - New Before find by --> By.xpath: //a[text()=' Logout ']
18:45:22.877  INFO  manager.MyListener - WebDriver start find element -->By.xpath: //a[text()=' Log in ']
18:45:22.962  INFO  manager.MyListener - WebDriver start find element -->By.id: email
18:45:25.481  INFO  manager.MyListener - WebDriver start find element -->By.id: d
18:45:30.532  INFO  manager.MyListener - The name of method with error -->findElement
18:45:30.533  INFO  manager.MyListener - We have a problem ---> org.openqa.selenium.NoSuchElementException: no such element: Unable to locate element: {"method":"css selector","selector":"#d"}
  (Session info: chrome=103.0.5060.134)
For documentation on this error, please visit: https://selenium.dev/exceptions/#no_such_element
Build info: version: '4.2.2', revision: '683ccb65d6'
System info: host: 'MacBook-Pro-Taya.local', ip: '192.168.0.101', os.name: 'Mac OS X', os.arch: 'x86_64', os.version: '11.6.5', java.version: '11.0.15.1'
Driver info: org.openqa.selenium.chrome.ChromeDriver
Command: [2f0aee69743f74e877dc83de6877f99b, findElement {using=id, value=d}]
Capabilities {acceptInsecureCerts: false, browserName: chrome, browserVersion: 103.0.5060.134, chrome: {chromedriverVersion: 103.0.5060.53 (a1711811edd7..., userDataDir: /var/folders/s_/hl4vhy0959g...}, goog:chromeOptions: {debuggerAddress: localhost:53331}, networkConnectionEnabled: false, pageLoadStrategy: normal, platformName: MAC, proxy: Proxy(), se:cdp: ws://localhost:53331/devtoo..., se:cdpVersion: 103.0.5060.134, setWindowRect: true, strictFileInteractability: false, timeouts: {implicit: 0, pageLoad: 300000, script: 30000}, unhandledPromptBehavior: dismiss and notify, webauthn:extension:credBlob: true, webauthn:extension:largeBlob: true, webauthn:virtualAuthenticators: true}
Session ID: 2f0aee69743f74e877dc83de6877f99b
18:45:30.535  INFO  manager.MyListener - New Before find by --> By.xpath: //button[text()='Ok']
18:45:35.591  INFO  tests.TestBase - Start test with name --->registrationSuccess
18:45:35.593  INFO  manager.MyListener - New Before find by --> By.xpath: //a[text()=' Logout ']
18:45:40.659  INFO  manager.MyListener - WebDriver start find element -->By.xpath: //a[text()=' Sign up ']
18:45:40.909  INFO  manager.MyListener - WebDriver start find element -->By.id: name
18:45:41.327  INFO  manager.MyListener - WebDriver start find element -->By.id: lastName
18:45:41.679  INFO  manager.MyListener - WebDriver start find element -->By.id: email
18:45:42.085  INFO  manager.MyListener - WebDriver start find element -->By.id: password
18:45:42.578  INFO  manager.MyListener - WebDriver start find element -->By.cssSelector: label[for='terms-of-use']
18:45:42.737  INFO  manager.MyListener - WebDriver start find element -->By.cssSelector: button[type='submit']
18:45:42.830  INFO  manager.MyListener - WebDriver start find element -->By.cssSelector: button[type='submit']
18:45:42.934  INFO  manager.MyListener - WebDriver start find element -->By.cssSelector: div.dialog-container
18:45:43.410  INFO  manager.MyListener - WebDriver start find element -->By.cssSelector: div.dialog-container h1
18:45:43.535  INFO  manager.MyListener - New Before find by --> By.xpath: //button[text()='Ok']
18:45:43.570  INFO  manager.MyListener - WebDriver start find element -->By.xpath: //button[text()='Ok']
18:45:43.797  INFO  tests.TestBase - Start test with name --->registrationSuccess2
18:45:43.799  INFO  manager.MyListener - New Before find by --> By.xpath: //a[text()=' Logout ']
18:45:43.853  INFO  manager.MyListener - WebDriver start find element -->By.xpath: //a[text()=' Logout ']
18:45:44.273  INFO  manager.MyListener - WebDriver start find element -->By.xpath: //a[text()=' Sign up ']
18:45:44.523  INFO  manager.MyListener - WebDriver start find element -->By.id: name
18:45:45.121  INFO  manager.MyListener - WebDriver start find element -->By.id: lastName
18:45:45.361  INFO  manager.MyListener - WebDriver start find element -->By.id: email
18:45:45.838  INFO  manager.MyListener - WebDriver start find element -->By.id: password
18:45:46.191  INFO  manager.MyListener - WebDriver start find element -->By.cssSelector: label[for='terms-of-use']
18:45:46.454  INFO  manager.MyListener - WebDriver start find element -->By.cssSelector: button[type='submit']
18:45:46.533  INFO  manager.MyListener - WebDriver start find element -->By.cssSelector: button[type='submit']
18:45:46.635  INFO  manager.MyListener - WebDriver start find element -->By.cssSelector: div.dialog-container
18:45:47.036  INFO  manager.MyListener - WebDriver start find element -->By.cssSelector: div.dialog-container h1
18:45:47.119  INFO  manager.MyListener - New Before find by --> By.xpath: //button[text()='Ok']
18:45:47.158  INFO  manager.MyListener - WebDriver start find element -->By.xpath: //button[text()='Ok']
18:45:47.364  INFO  tests.TestBase - Start test with name --->registrationWrongPasswordFormatSize
18:45:47.366  INFO  manager.MyListener - New Before find by --> By.xpath: //a[text()=' Logout ']
18:45:47.406  INFO  manager.MyListener - WebDriver start find element -->By.xpath: //a[text()=' Logout ']
18:45:47.755  INFO  manager.MyListener - WebDriver start find element -->By.xpath: //a[text()=' Sign up ']
18:45:47.940  INFO  manager.MyListener - WebDriver start find element -->By.id: name
18:45:48.260  INFO  manager.MyListener - WebDriver start find element -->By.id: lastName
18:45:48.544  INFO  manager.MyListener - WebDriver start find element -->By.id: email
18:45:48.877  INFO  manager.MyListener - WebDriver start find element -->By.id: password
18:45:49.541  INFO  manager.MyListener - WebDriver start find element -->By.cssSelector: label[for='terms-of-use']
18:45:49.691  INFO  manager.MyListener - WebDriver start find element -->By.cssSelector: div.error div:last-child
18:45:49.749  INFO  manager.MyListener - WebDriver start find element -->By.cssSelector: div.error div:last-child
18:45:49.781  INFO  manager.MyListener - WebDriver start find element -->By.cssSelector: div.error div:first-child
18:45:49.840  INFO  manager.MyListener - WebDriver start find element -->By.cssSelector: div.error div:first-child
18:45:49.865  INFO  manager.MyListener - New Before find by --> By.cssSelector: button[disabled]
18:45:49.888  INFO  manager.MyListener - WebDriver start find element -->By.cssSelector: [type='submit']
18:45:49.920  INFO  manager.MyListener - New Before find by --> By.xpath: //button[text()='Ok']
18:45:54.962  INFO  tests.TestBase - Start test with name --->searchAnyPeriod
18:45:54.967  INFO  manager.MyListener - WebDriver start find element -->By.id: city
18:45:59.991  INFO  manager.MyListener - The name of method with error -->findElement
18:45:59.992  INFO  manager.MyListener - We have a problem ---> org.openqa.selenium.NoSuchElementException: no such element: Unable to locate element: {"method":"css selector","selector":"#city"}
  (Session info: chrome=103.0.5060.134)
For documentation on this error, please visit: https://selenium.dev/exceptions/#no_such_element
Build info: version: '4.2.2', revision: '683ccb65d6'
System info: host: 'MacBook-Pro-Taya.local', ip: '192.168.0.101', os.name: 'Mac OS X', os.arch: 'x86_64', os.version: '11.6.5', java.version: '11.0.15.1'
Driver info: org.openqa.selenium.chrome.ChromeDriver
Command: [2f0aee69743f74e877dc83de6877f99b, findElement {using=id, value=city}]
Capabilities {acceptInsecureCerts: false, browserName: chrome, browserVersion: 103.0.5060.134, chrome: {chromedriverVersion: 103.0.5060.53 (a1711811edd7..., userDataDir: /var/folders/s_/hl4vhy0959g...}, goog:chromeOptions: {debuggerAddress: localhost:53331}, networkConnectionEnabled: false, pageLoadStrategy: normal, platformName: MAC, proxy: Proxy(), se:cdp: ws://localhost:53331/devtoo..., se:cdpVersion: 103.0.5060.134, setWindowRect: true, strictFileInteractability: false, timeouts: {implicit: 0, pageLoad: 300000, script: 30000}, unhandledPromptBehavior: dismiss and notify, webauthn:extension:credBlob: true, webauthn:extension:largeBlob: true, webauthn:virtualAuthenticators: true}
Session ID: 2f0aee69743f74e877dc83de6877f99b
18:45:59.994  INFO  manager.MyListener - WebDriver start find element -->By.cssSelector: .logo
18:46:01.000  INFO  tests.TestBase - Start test with name --->searchCurrentMonth
18:46:01.001  INFO  manager.MyListener - WebDriver start find element -->By.id: city
18:46:02.216  INFO  manager.MyListener - WebDriver start find element -->By.cssSelector: .pac-item
18:46:02.307  INFO  manager.MyListener - WebDriver start find element -->By.id: dates
18:46:02.596  INFO  manager.MyListener - WebDriver start find element -->By.id: dates
18:46:02.924  INFO  manager.MyListener - WebDriver start find element -->By.xpath: //div[text()=' 28 ']
18:46:03.173  INFO  manager.MyListener - WebDriver start find element -->By.xpath: //div[text()=' 27 ']
18:46:03.408  INFO  manager.MyListener - WebDriver start find element -->By.cssSelector: button[type='submit']
18:46:03.528  INFO  manager.MyListener - WebDriver start find element -->By.cssSelector: button[type='submit']
18:46:03.873  INFO  manager.MyListener - New Before find by --> By.cssSelector: .cars-container.ng-star-inserted
18:46:05.270  INFO  manager.MyListener - WebDriver start find element -->By.cssSelector: .logo
18:46:05.859  INFO  tests.TestBase - Start test with name --->searchCurrentYear
18:46:05.861  INFO  manager.MyListener - WebDriver start find element -->By.id: city
18:46:07.172  INFO  manager.MyListener - WebDriver start find element -->By.cssSelector: .pac-item
18:46:07.298  INFO  manager.MyListener - WebDriver start find element -->By.id: dates
18:46:07.537  INFO  manager.MyListener - WebDriver start find element -->By.id: dates
18:46:07.719  INFO  manager.MyListener - WebDriver start find element -->By.xpath: //button[@aria-label='Next month']
18:46:07.951  INFO  manager.MyListener - WebDriver start find element -->By.xpath: //div[text()=' 10 ']
18:46:08.320  INFO  manager.MyListener - WebDriver start find element -->By.xpath: //div[text()=' 20 ']
18:46:08.595  INFO  manager.MyListener - WebDriver start find element -->By.cssSelector: button[type='submit']
18:46:08.734  INFO  manager.MyListener - WebDriver start find element -->By.cssSelector: button[type='submit']
18:46:09.015  INFO  manager.MyListener - New Before find by --> By.cssSelector: .cars-container.ng-star-inserted
18:46:11.748  INFO  manager.MyListener - WebDriver start find element -->By.cssSelector: .logo
18:46:12.209  INFO  tests.TestBase - Start test with name --->searchCurrentYearLocalDate
18:46:12.212  INFO  manager.MyListener - WebDriver start find element -->By.id: city
18:46:13.497  INFO  manager.MyListener - WebDriver start find element -->By.cssSelector: .pac-item
18:46:13.653  INFO  manager.MyListener - WebDriver start find element -->By.id: dates
18:46:13.864  INFO  manager.MyListener - WebDriver start find element -->By.id: dates
18:46:14.054  INFO  manager.MyListener - WebDriver start find element -->By.xpath: //button[@aria-label='Next month']
18:46:14.308  INFO  manager.MyListener - WebDriver start find element -->By.xpath: //div[text()=' 10 ']
18:46:14.564  INFO  manager.MyListener - WebDriver start find element -->By.xpath: //button[@aria-label='Next month']
18:46:14.737  INFO  manager.MyListener - WebDriver start find element -->By.xpath: //button[@aria-label='Next month']
18:46:14.868  INFO  manager.MyListener - WebDriver start find element -->By.xpath: //div[text()=' 20 ']
18:46:15.161  INFO  manager.MyListener - WebDriver start find element -->By.cssSelector: button[type='submit']
18:46:15.258  INFO  manager.MyListener - WebDriver start find element -->By.cssSelector: button[type='submit']
18:46:15.504  INFO  manager.MyListener - New Before find by --> By.cssSelector: .cars-container.ng-star-inserted
18:46:16.800  INFO  manager.MyListener - WebDriver start find element -->By.cssSelector: .logo
18:46:17.469  INFO  tests.TestBase - Start test with name --->searchNextMonth
18:46:17.470  INFO  manager.MyListener - WebDriver start find element -->By.id: city
18:46:18.723  INFO  manager.MyListener - WebDriver start find element -->By.cssSelector: .pac-item
18:46:18.791  INFO  manager.MyListener - WebDriver start find element -->By.id: dates
18:46:19.073  INFO  manager.MyListener - WebDriver start find element -->By.id: dates
18:46:19.241  INFO  manager.MyListener - WebDriver start find element -->By.xpath: //button[@aria-label='Next month']
18:46:19.440  INFO  manager.MyListener - WebDriver start find element -->By.xpath: //div[text()=' 28 ']
18:46:19.601  INFO  manager.MyListener - WebDriver start find element -->By.xpath: //div[text()=' 27 ']
18:46:19.852  INFO  manager.MyListener - WebDriver start find element -->By.cssSelector: button[type='submit']
18:46:19.971  INFO  manager.MyListener - WebDriver start find element -->By.cssSelector: button[type='submit']
18:46:20.172  INFO  manager.MyListener - New Before find by --> By.cssSelector: .cars-container.ng-star-inserted
18:46:22.352  INFO  manager.MyListener - WebDriver start find element -->By.cssSelector: .logo
18:46:22.846  INFO  tests.TestBase - Start test with name --->searchPeriodPast
18:46:22.847  INFO  manager.MyListener - WebDriver start find element -->By.id: city
18:46:24.085  INFO  manager.MyListener - WebDriver start find element -->By.cssSelector: .pac-item
18:46:24.233  INFO  manager.MyListener - WebDriver start find element -->By.id: dates
18:46:24.408  INFO  manager.MyListener - WebDriver start find element -->By.id: dates
18:46:24.989  INFO  manager.MyListener - WebDriver start find element -->By.cssSelector: .cdk-overlay-container
18:46:25.232  INFO  manager.MyListener - WebDriver start find element -->By.cssSelector: button[type='submit']
18:46:25.318  INFO  manager.MyListener - New Before find by --> By.cssSelector: button[disabled]
18:46:25.343  INFO  manager.MyListener - WebDriver start find element -->By.cssSelector: [type='submit']
18:46:25.374  INFO  manager.MyListener - WebDriver start find element -->By.cssSelector: div.error div
18:46:25.416  INFO  manager.MyListener - WebDriver start find element -->By.cssSelector: .logo
