18:43:33.133  INFO  manager.ApplicationManager - All Tests run in Chrome Driver
18:43:36.091  INFO  manager.ApplicationManager - Current Url --> https://ilcarro-1578153671498.web.app/search
18:43:36.135  INFO  tests.TestBase - Start test with name --->searchCurrentMonth
18:43:36.138  INFO  manager.MyListener - WebDriver start find element -->By.id: city
18:43:36.612  INFO  manager.MyListener - WebDriver start find element -->By.cssSelector: .pac-item
18:43:37.622  INFO  manager.MyListener - WebDriver start find element -->By.id: dates
18:43:37.881  INFO  manager.MyListener - WebDriver start find element -->By.xpath: //div[text()=' 28 ']
18:43:38.110  INFO  manager.MyListener - WebDriver start find element -->By.xpath: //div[text()=' 27 ']
18:43:38.299  INFO  manager.MyListener - WebDriver start find element -->By.cssSelector: button[type='submit']
18:43:38.538  INFO  manager.MyListener - WebDriver start find element -->By.cssSelector: button[type='submit']
18:43:38.748  INFO  manager.MyListener - New Before find by --> By.cssSelector: .cars-container.ng-star-inserted
18:43:39.656  INFO  tests.TestBase - Start test with name --->searchCurrentYear
18:43:39.658  INFO  manager.MyListener - WebDriver start find element -->By.id: city
18:43:40.271  INFO  manager.MyListener - WebDriver start find element -->By.cssSelector: .pac-item
18:43:40.970  INFO  manager.MyListener - WebDriver start find element -->By.id: dates
18:43:46.027  INFO  manager.MyListener - The name of method with error -->findElement
18:43:46.044  INFO  manager.MyListener - We have a problem ---> org.openqa.selenium.NoSuchElementException: no such element: Unable to locate element: {"method":"css selector","selector":"#dates"}
  (Session info: chrome=103.0.5060.134)
For documentation on this error, please visit: https://selenium.dev/exceptions/#no_such_element
Build info: version: '4.2.2', revision: '683ccb65d6'
System info: host: 'MacBook-Pro-Taya.local', ip: 'fe80:0:0:0:1c0e:a83a:d15a:c000%en0', os.name: 'Mac OS X', os.arch: 'x86_64', os.version: '11.6.5', java.version: '11.0.15.1'
Driver info: org.openqa.selenium.chrome.ChromeDriver
Command: [c24475ce58cd63950e590ca63cb51c55, findElement {using=id, value=dates}]
Capabilities {acceptInsecureCerts: false, browserName: chrome, browserVersion: 103.0.5060.134, chrome: {chromedriverVersion: 103.0.5060.53 (a1711811edd7..., userDataDir: /var/folders/s_/hl4vhy0959g...}, goog:chromeOptions: {debuggerAddress: localhost:54960}, networkConnectionEnabled: false, pageLoadStrategy: normal, platformName: MAC, proxy: Proxy(), se:cdp: ws://localhost:54960/devtoo..., se:cdpVersion: 103.0.5060.134, setWindowRect: true, strictFileInteractability: false, timeouts: {implicit: 0, pageLoad: 300000, script: 30000}, unhandledPromptBehavior: dismiss and notify, webauthn:extension:credBlob: true, webauthn:extension:largeBlob: true, webauthn:virtualAuthenticators: true}
Session ID: c24475ce58cd63950e590ca63cb51c55
